<?xml version="1.0" encoding="UTF-8"?>
<!-- Generated by org.testng.reporters.JUnitReportReporter -->
<testsuite hostname="DESKTOP-G584E7M" name="FrameWorkImplemention.SellerPageTestNG" tests="1" failures="0" timestamp="12 Jul 2021 20:29:10 GMT" time="10.881" errors="0">
  <testcase name="stepone" time="10.881" classname="FrameWorkImplemention.SellerPageTestNG"/>
</testsuite> <!-- FrameWorkImplemention.SellerPageTestNG -->
