<?xml version="1.0" encoding="UTF-8"?>
<!-- Generated by org.testng.reporters.JUnitReportReporter -->
<testsuite hostname="DESKTOP-G584E7M" name="FrameWorkImplemention.SignInPageTestNG" tests="1" failures="0" timestamp="10 Jul 2021 07:38:35 GMT" time="4.457" errors="0">
  <testcase name="stepone" time="4.457" classname="FrameWorkImplemention.SignInPageTestNG"/>
</testsuite> <!-- FrameWorkImplemention.SignInPageTestNG -->
