<?xml version="1.0" encoding="UTF-8"?>
<!-- Generated by org.testng.reporters.JUnitReportReporter -->
<testsuite hostname="DESKTOP-G584E7M" name="FrameWorkImplemention.JoinNowPageTestNG" tests="1" failures="0" timestamp="12 Jul 2021 20:25:08 GMT" time="12.312" errors="0">
  <testcase name="stepone" time="12.312" classname="FrameWorkImplemention.JoinNowPageTestNG"/>
</testsuite> <!-- FrameWorkImplemention.JoinNowPageTestNG -->
