<?xml version="1.0" encoding="UTF-8"?>
<!-- Generated by org.testng.reporters.JUnitReportReporter -->
<testsuite hostname="DESKTOP-G584E7M" name="FrameWorkImplemention.AfterLogin_SellerPageTestNG" tests="1" failures="0" timestamp="14 Jul 2021 17:24:45 GMT" time="56.306" errors="0">
  <testcase name="stepone" time="56.306" classname="FrameWorkImplemention.AfterLogin_SellerPageTestNG"/>
</testsuite> <!-- FrameWorkImplemention.AfterLogin_SellerPageTestNG -->
