<?xml version="1.0" encoding="UTF-8"?>
<!-- Generated by org.testng.reporters.JUnitReportReporter -->
<testsuite hostname="DESKTOP-G584E7M" name="FrameWorkImplemention.AfterLogin_BuyerPageTestNG" tests="1" failures="0" timestamp="14 Jul 2021 17:19:41 GMT" time="34.489" errors="0">
  <testcase name="stepone" time="34.489" classname="FrameWorkImplemention.AfterLogin_BuyerPageTestNG"/>
</testsuite> <!-- FrameWorkImplemention.AfterLogin_BuyerPageTestNG -->
