<?xml version="1.0" encoding="UTF-8"?>
<!-- Generated by org.testng.reporters.JUnitReportReporter -->
<testsuite hostname="DESKTOP-G584E7M" name="FrameWorkImplemention.AboutPageTestNG" tests="1" failures="0" timestamp="12 Jul 2021 20:35:27 GMT" time="12.212" errors="0">
  <testcase name="stepone" time="12.212" classname="FrameWorkImplemention.AboutPageTestNG"/>
</testsuite> <!-- FrameWorkImplemention.AboutPageTestNG -->
