<?xml version="1.0" encoding="UTF-8"?>
<!-- Generated by org.testng.reporters.JUnitReportReporter -->
<testsuite hostname="DESKTOP-G584E7M" name="FrameWorkImplemention.HomePageTestNG" tests="1" failures="0" timestamp="10 Jul 2021 08:17:54 GMT" time="13.116" errors="0">
  <testcase name="stepone" time="13.116" classname="FrameWorkImplemention.HomePageTestNG"/>
</testsuite> <!-- FrameWorkImplemention.HomePageTestNG -->
